  monitor_factory.cpp
C:\Users\jt970\OneDrive\Programing\Anti-Cheat\anti-cheat-with-cpp\monitor\monitor_factory.cpp(12,20): warning C4834: [[nodiscard]] 특성이 포함된 함수의 반환 값을 버리는 중입니다.
  signature_set.cpp
C:\Users\jt970\OneDrive\Programing\Anti-Cheat\anti-cheat-with-cpp\signatures\process_signature.h(17,1): error C2672: 'nlohmann::json_abi_v3_12_0::basic_json<std::map,std::vector,std::string,bool,int64_t,uint64_t,double,std::allocator,nlohmann::json_abi_v3_12_0::adl_serializer,std::vector<uint8_t,std::allocator<uint8_t>>,void>::get_to': 일치하는 오버로드된 함수가 없습니다.
  (소스 파일 'ruleset/signature_set.cpp'을(를) 컴파일하는 중)
      C:\Tools\vcpkg\installed\x64-windows\include\nlohmann\json.hpp(1849,11):
      'Array nlohmann::json_abi_v3_12_0::basic_json<std::map,std::vector,std::string,bool,int64_t,uint64_t,double,std::allocator,nlohmann::json_abi_v3_12_0::adl_serializer,std::vector<uint8_t,std::allocator<uint8_t>>,void>::get_to(T (&)[N]) noexcept(<expr>) const'일 수 있습니다.
          C:\Users\jt970\OneDrive\Programing\Anti-Cheat\anti-cheat-with-cpp\signatures\process_signature.h(17,1):
          'Array nlohmann::json_abi_v3_12_0::basic_json<std::map,std::vector,std::string,bool,int64_t,uint64_t,double,std::allocator,nlohmann::json_abi_v3_12_0::adl_serializer,std::vector<uint8_t,std::allocator<uint8_t>>,void>::get_to(T (&)[N]) noexcept(<expr>) const': 'std::optional<std::string>'에서 'T (&)[N]'에 대한 템플릿 인수를 추론할 수 없습니다.
      C:\Tools\vcpkg\installed\x64-windows\include\nlohmann\json.hpp(1838,17):
      또는       'ValueType &nlohmann::json_abi_v3_12_0::basic_json<std::map,std::vector,std::string,bool,int64_t,uint64_t,double,std::allocator,nlohmann::json_abi_v3_12_0::adl_serializer,std::vector<uint8_t,std::allocator<uint8_t>>,void>::get_to(ValueType &) const'
          C:\Users\jt970\OneDrive\Programing\Anti-Cheat\anti-cheat-with-cpp\signatures\process_signature.h(17,1):
          'ValueType &nlohmann::json_abi_v3_12_0::basic_json<std::map,std::vector,std::string,bool,int64_t,uint64_t,double,std::allocator,nlohmann::json_abi_v3_12_0::adl_serializer,std::vector<uint8_t,std::allocator<uint8_t>>,void>::get_to(ValueType &) const': '__formal'의 템플릿 인수를 추론할 수 없습니다.
              C:\Tools\vcpkg\installed\x64-windows\include\nlohmann\json.hpp(1697,24):
              'std::enable_if_t<false,int>': 별칭 템플릿을 특수화하지 못했습니다.
      C:\Tools\vcpkg\installed\x64-windows\include\nlohmann\json.hpp(1825,17):
      또는       'ValueType &nlohmann::json_abi_v3_12_0::basic_json<std::map,std::vector,std::string,bool,int64_t,uint64_t,double,std::allocator,nlohmann::json_abi_v3_12_0::adl_serializer,std::vector<uint8_t,std::allocator<uint8_t>>,void>::get_to(ValueType &) noexcept(<expr>) const'
          C:\Users\jt970\OneDrive\Programing\Anti-Cheat\anti-cheat-with-cpp\signatures\process_signature.h(17,1):
          'ValueType &nlohmann::json_abi_v3_12_0::basic_json<std::map,std::vector,std::string,bool,int64_t,uint64_t,double,std::allocator,nlohmann::json_abi_v3_12_0::adl_serializer,std::vector<uint8_t,std::allocator<uint8_t>>,void>::get_to(ValueType &) noexcept(<expr>) const': '__formal'의 템플릿 인수를 추론할 수 없습니다.
              C:\Tools\vcpkg\installed\x64-windows\include\nlohmann\json.hpp(1821,24):
              'std::enable_if_t<false,int>': 별칭 템플릿을 특수화하지 못했습니다.
      C:\Users\jt970\OneDrive\Programing\Anti-Cheat\anti-cheat-with-cpp\signatures\process_signature.h(17,1):
      템플릿 인스턴스화 컨텍스트(가장 오래된 인스턴스화 컨텍스트)가
          C:\Users\jt970\OneDrive\Programing\Anti-Cheat\anti-cheat-with-cpp\ruleset\signature_set.cpp(88,46):
          컴파일되는 클래스 템플릿 인스턴스화 'SignatureSet<ProcessSignature>'에 대한 참조를 확인하세요.
          C:\Users\jt970\OneDrive\Programing\Anti-Cheat\anti-cheat-with-cpp\ruleset\signature_set.cpp(27,1):
          클래스 템플릿 멤버 함수 'absl::lts_20250127::Status SignatureSet<ProcessSignature>::set_from_json(const std::string &)'을(를) 컴파일하는 중입니다.
          C:\Users\jt970\OneDrive\Programing\Anti-Cheat\anti-cheat-with-cpp\ruleset\signature_set.cpp(54,15):
          컴파일되는 함수 템플릿 인스턴스화 'ValueType nlohmann::json_abi_v3_12_0::basic_json<std::map,std::vector,std::string,bool,int64_t,uint64_t,double,std::allocator,nlohmann::json_abi_v3_12_0::adl_serializer,std::vector<uint8_t,std::allocator<uint8_t>>,void>::get<T,ProcessSignature>(void) noexcept(false) const'에 대한 참조를 확인하세요.
          with
          [
              ValueType=ProcessSignature,
              T=ProcessSignature
          ]
          C:\Tools\vcpkg\installed\x64-windows\include\nlohmann\json.hpp(1780,16):
          컴파일되는 함수 템플릿 인스턴스화 'ValueType nlohmann::json_abi_v3_12_0::basic_json<std::map,std::vector,std::string,bool,int64_t,uint64_t,double,std::allocator,nlohmann::json_abi_v3_12_0::adl_serializer,std::vector<uint8_t,std::allocator<uint8_t>>,void>::get_impl<ValueType,0>(nlohmann::json_abi_v3_12_0::detail::priority_tag<0>) noexcept(false) const'에 대한 참조를 확인하세요.
          with
          [
              ValueType=ProcessSignature
          ]
          C:\Tools\vcpkg\installed\x64-windows\include\nlohmann\json.hpp(1637,36):
          컴파일되는 함수 템플릿 인스턴스화 'void nlohmann::json_abi_v3_12_0::adl_serializer<T,void>::from_json<const nlohmann::json_abi_v3_12_0::basic_json<std::map,std::vector,std::string,bool,int64_t,uint64_t,double,std::allocator,nlohmann::json_abi_v3_12_0::adl_serializer,std::vector<uint8_t,std::allocator<uint8_t>>,void>&,T>(BasicJsonType,TargetType &) noexcept(false)'에 대한 참조를 확인하세요.
          with
          [
              T=ProcessSignature,
              BasicJsonType=const nlohmann::json_abi_v3_12_0::basic_json<std::map,std::vector,std::string,bool,int64_t,uint64_t,double,std::allocator,nlohmann::json_abi_v3_12_0::adl_serializer,std::vector<uint8_t,std::allocator<uint8_t>>,void> &,
              TargetType=ProcessSignature
          ]
          C:\Tools\vcpkg\installed\x64-windows\include\nlohmann\adl_serializer.hpp(31,21):
          컴파일되는 함수 템플릿 인스턴스화 'void nlohmann::json_abi_v3_12_0::detail::from_json_fn::operator ()<nlohmann::json_abi_v3_12_0::basic_json<std::map,std::vector,std::string,bool,int64_t,uint64_t,double,std::allocator,nlohmann::json_abi_v3_12_0::adl_serializer,std::vector<uint8_t,std::allocator<uint8_t>>,void>,TargetType&>(const BasicJsonType &,T) noexcept(false) const'에 대한 참조를 확인하세요.
          with
          [
              TargetType=ProcessSignature,
              BasicJsonType=nlohmann::json_abi_v3_12_0::basic_json<std::map,std::vector,std::string,bool,int64_t,uint64_t,double,std::allocator,nlohmann::json_abi_v3_12_0::adl_serializer,std::vector<uint8_t,std::allocator<uint8_t>>,void>,
              T=ProcessSignature &
          ]
          C:\Tools\vcpkg\installed\x64-windows\include\nlohmann\detail\conversions\from_json.hpp(558,16):
          컴파일되는 함수 템플릿 인스턴스화 'void from_json<BasicJsonType,0>(const BasicJsonType &,ProcessSignature &)'에 대한 참조를 확인하세요.
          with
          [
              BasicJsonType=nlohmann::json_abi_v3_12_0::basic_json<std::map,std::vector,std::string,bool,int64_t,uint64_t,double,std::allocator,nlohmann::json_abi_v3_12_0::adl_serializer,std::vector<uint8_t,std::allocator<uint8_t>>,void>
          ]
  
  process_signature.cpp
  코드를 생성하고 있습니다...
